Arguments: 
  /usr/bin/node /usr/bin/yarn publish

PATH: 
  /usr/local/sbin:/usr/local/bin:/usr/bin:/usr/lib/jvm/default/bin:/usr/bin/site_perl:/usr/bin/vendor_perl:/usr/bin/core_perl:/home/joris/.config/scripts/:/home/joris/.gem/ruby/2.5.0/bin:/home/joris/.config/scripts/:/home/joris/.gem/ruby/2.5.0/bin

Yarn version: 
  1.22.10

Node version: 
  15.12.0

Platform: 
  linux x64

Trace: 
  Error: connect ENETUNREACH 2606:4700::6810:1823:443 - Local (:::0)
      at internalConnect (node:net:909:16)
      at defaultTriggerAsyncIdScope (node:internal/async_hooks:431:12)
      at emitLookup (node:net:1055:9)
      at /usr/lib/node_modules/yarn/lib/cli.js:107150:29
      at /usr/lib/node_modules/yarn/lib/cli.js:106996:25
      at RawTask.module.exports.RawTask.call (/usr/lib/node_modules/yarn/lib/cli.js:83614:19)
      at flush (/usr/lib/node_modules/yarn/lib/cli.js:83696:29)
      at processTicksAndRejections (node:internal/process/task_queues:76:11)

npm manifest: 
  {
      "name": "joris-optional",
      "version": "1.0.0",
      "description": "A simple utility package that provides a typed Optional class.",
      "main": "dist/index.js",
      "types": "dist/index.d.ts",
      "scripts": {
          "build": "tsc",
          "prepublish": "tsc"
      },
      "repository": {
          "type": "git",
          "url": "git+https://github.com/joriskt/joris-optional.git"
      },
      "keywords": [
          "joris",
          "optional",
          "typescript",
          "util",
          "utility",
          "types"
      ],
      "author": "Joris Klein Tijssink",
      "license": "MIT",
      "bugs": {
          "url": "https://github.com/joriskt/joris-optional/issues"
      },
      "homepage": "https://github.com/joriskt/joris-optional#readme",
      "dependencies": {},
      "devDependencies": {
          "prettier": "^2.3.0",
          "typescript": "^4.2.4"
      }
  }

yarn manifest: 
  No manifest

Lockfile: 
  # THIS IS AN AUTOGENERATED FILE. DO NOT EDIT THIS FILE DIRECTLY.
  # yarn lockfile v1
  
  
  prettier@^2.3.0:
    version "2.3.0"
    resolved "https://registry.yarnpkg.com/prettier/-/prettier-2.3.0.tgz#b6a5bf1284026ae640f17f7ff5658a7567fc0d18"
    integrity sha512-kXtO4s0Lz/DW/IJ9QdWhAf7/NmPWQXkFr/r/WkR3vyI+0v8amTDxiaQSLzs8NBlytfLWX/7uQUMIW677yLKl4w==
  
  typescript@^4.2.4:
    version "4.2.4"
    resolved "https://registry.yarnpkg.com/typescript/-/typescript-4.2.4.tgz#8610b59747de028fda898a8aef0e103f156d0961"
    integrity sha512-V+evlYHZnQkaz8TRBuxTA92yZBPotr5H+WhQ7bD3hZUndx5tGOa1fuCgeSjxAzM1RiN5IzvadIXTVefuuwZCRg==
